app/build/intermediates/manifest_merge_blame_file/debug/processDebugMainManifest/manifest-merger-blame-debug-report.txt
1<?xml version="1.0" encoding="utf-8"?>
2<manifest xmlns:android="http://schemas.android.com/apk/res/android"
3    package="io.github.sds100.keymapper.debug"
4    android:versionCode="259"
5    android:versionName="4.3.1-foss-debug" >
6    <!--
7  This is required because sysbridge has a min sdk of 29 since it depends
8      on the binder-ndk library. Building will fail without this because the min sdk
9      of the app is 26.
10    -->
11    <uses-sdk
11-->src/main/AndroidManifest.xml:16:5-112
12        android:minSdkVersion="26"
13        android:targetSdkVersion="36" />
14
15    <uses-feature
15-->src/main/AndroidManifest.xml:5:5-7:36
16        android:name="android.software.leanback"
16-->src/main/AndroidManifest.xml:6:9-49
17        android:required="false" />
17-->src/main/AndroidManifest.xml:7:9-33
18    <uses-feature
18-->src/main/AndroidManifest.xml:9:5-11:36
19        android:name="android.hardware.touchscreen"
19-->src/main/AndroidManifest.xml:10:9-52
20        android:required="false" />
20-->src/main/AndroidManifest.xml:11:9-33
21
22    <uses-permission android:name="android.permission.USE_FINGERPRINT" />
22-->[:base] AndroidManifest.xml:11:5-74
22-->[:base] AndroidManifest.xml:11:22-71
23    <uses-permission android:name="android.permission.POST_NOTIFICATIONS" />
23-->[:base] AndroidManifest.xml:12:5-77
23-->[:base] AndroidManifest.xml:12:22-74
24    <uses-permission android:name="android.permission.READ_LOGS" />
24-->[:base] AndroidManifest.xml:13:5-68
24-->[:base] AndroidManifest.xml:13:22-65
25    <uses-permission android:name="android.permission.RECEIVE_BOOT_COMPLETED" />
25-->[:base] AndroidManifest.xml:14:5-81
25-->[:base] AndroidManifest.xml:14:22-78
26    <uses-permission android:name="android.permission.QUERY_ALL_PACKAGES" />
26-->[:base] AndroidManifest.xml:15:5-17:53
26-->[:base] AndroidManifest.xml:16:9-61
27
28    <uses-feature
28-->[:base] AndroidManifest.xml:19:5-21:36
29        android:name="android.hardware.camera"
29-->[:base] AndroidManifest.xml:20:9-47
30        android:required="false" />
30-->[:base] AndroidManifest.xml:21:9-33
31    <uses-feature
31-->[:base] AndroidManifest.xml:28:5-30:36
32        android:name="android.hardware.wifi"
32-->[:base] AndroidManifest.xml:29:9-45
33        android:required="false" />
33-->[:base] AndroidManifest.xml:30:9-33
34    <uses-feature
34-->[:base] AndroidManifest.xml:31:5-33:36
35        android:name="android.hardware.telephony"
35-->[:base] AndroidManifest.xml:32:9-50
36        android:required="false" />
36-->[:base] AndroidManifest.xml:33:9-33
37    <uses-feature
37-->[:base] AndroidManifest.xml:34:5-36:36
38        android:name="android.hardware.bluetooth"
38-->[:base] AndroidManifest.xml:35:9-50
39        android:required="false" />
39-->[:base] AndroidManifest.xml:36:9-33
40    <uses-feature
40-->[:base] AndroidManifest.xml:37:5-39:36
41        android:name="android.hardware.location.gps"
41-->[:base] AndroidManifest.xml:38:9-53
42        android:required="false" />
42-->[:base] AndroidManifest.xml:39:9-33
43
44    <uses-permission android:name="android.permission.WRITE_SECURE_SETTINGS" />
44-->[:base] AndroidManifest.xml:41:5-43:47
44-->[:base] AndroidManifest.xml:42:9-64
45    <uses-permission android:name="android.permission.ACCESS_FINE_LOCATION" />
45-->[:system] AndroidManifest.xml:8:5-79
45-->[:system] AndroidManifest.xml:8:22-76
46    <uses-permission android:name="android.permission.ANSWER_PHONE_CALLS" />
46-->[:system] AndroidManifest.xml:9:5-77
46-->[:system] AndroidManifest.xml:9:22-74
47    <uses-permission android:name="android.permission.BLUETOOTH" />
47-->[:system] AndroidManifest.xml:10:5-68
47-->[:system] AndroidManifest.xml:10:22-65
48    <uses-permission android:name="android.permission.BLUETOOTH_CONNECT" />
48-->[:system] AndroidManifest.xml:11:5-76
48-->[:system] AndroidManifest.xml:11:22-73
49    <uses-permission android:name="android.permission.BLUETOOTH_ADMIN" />
49-->[:system] AndroidManifest.xml:13:5-74
49-->[:system] AndroidManifest.xml:13:22-71
50    <uses-permission android:name="android.permission.ACCESS_WIFI_STATE" />
50-->[:system] AndroidManifest.xml:14:5-76
50-->[:system] AndroidManifest.xml:14:22-73
51    <uses-permission android:name="android.permission.CHANGE_WIFI_STATE" />
51-->[:system] AndroidManifest.xml:15:5-76
51-->[:system] AndroidManifest.xml:15:22-73
52    <uses-permission android:name="android.permission.ACCESS_NETWORK_STATE" />
52-->[:system] AndroidManifest.xml:16:5-79
52-->[:system] AndroidManifest.xml:16:22-76
53    <uses-permission android:name="android.permission.EXPAND_STATUS_BAR" />
53-->[:system] AndroidManifest.xml:17:5-76
53-->[:system] AndroidManifest.xml:17:22-73
54    <uses-permission android:name="android.permission.INTERNET" />
54-->[:system] AndroidManifest.xml:18:5-67
54-->[:system] AndroidManifest.xml:18:22-64
55    <uses-permission android:name="android.permission.CAMERA" />
55-->[:system] AndroidManifest.xml:19:5-65
55-->[:system] AndroidManifest.xml:19:22-62
56    <uses-permission android:name="android.permission.VIBRATE" />
56-->[:system] AndroidManifest.xml:20:5-66
56-->[:system] AndroidManifest.xml:20:22-63
57    <uses-permission android:name="android.permission.ACCESS_NOTIFICATION_POLICY" />
57-->[:system] AndroidManifest.xml:21:5-85
57-->[:system] AndroidManifest.xml:21:22-82
58    <uses-permission android:name="android.permission.READ_PHONE_STATE" />
58-->[:system] AndroidManifest.xml:22:5-75
58-->[:system] AndroidManifest.xml:22:22-72
59    <uses-permission android:name="android.permission.REQUEST_IGNORE_BATTERY_OPTIMIZATIONS" />
59-->[:system] AndroidManifest.xml:23:5-95
59-->[:system] AndroidManifest.xml:23:22-92
60    <uses-permission android:name="android.permission.REORDER_TASKS" />
60-->[:system] AndroidManifest.xml:24:5-72
60-->[:system] AndroidManifest.xml:24:22-69
61    <uses-permission android:name="android.permission.READ_EXTERNAL_STORAGE" />
61-->[:system] AndroidManifest.xml:25:5-80
61-->[:system] AndroidManifest.xml:25:22-77
62    <uses-permission android:name="android.permission.WRITE_SETTINGS" />
62-->[:system] AndroidManifest.xml:26:5-73
62-->[:system] AndroidManifest.xml:26:22-70
63    <uses-permission android:name="android.permission.CALL_PHONE" />
63-->[:system] AndroidManifest.xml:27:5-69
63-->[:system] AndroidManifest.xml:27:22-66
64    <uses-permission android:name="android.permission.SEND_SMS" />
64-->[:system] AndroidManifest.xml:28:5-30:46
64-->[:system] AndroidManifest.xml:29:9-51
65    <uses-permission android:name="android.permission.MODIFY_AUDIO_SETTINGS" />
65-->[:system] AndroidManifest.xml:31:5-80
65-->[:system] AndroidManifest.xml:31:22-77
66    <uses-permission android:name="com.termux.permission.RUN_COMMAND" />
66-->[:system] AndroidManifest.xml:40:5-73
66-->[:system] AndroidManifest.xml:40:22-70
67    <uses-permission android:name="android.permission.WRITE_EXTERNAL_STORAGE" />
67-->[com.anggrayudi:storage:0.8.1] AndroidManifest.xml:10:5-81
67-->[com.anggrayudi:storage:0.8.1] AndroidManifest.xml:10:22-78
68
69    <permission
69-->[androidx.core:core:1.16.0] AndroidManifest.xml:22:5-24:47
70        android:name="io.github.sds100.keymapper.debug.DYNAMIC_RECEIVER_NOT_EXPORTED_PERMISSION"
70-->[androidx.core:core:1.16.0] AndroidManifest.xml:23:9-81
71        android:protectionLevel="signature" />
71-->[androidx.core:core:1.16.0] AndroidManifest.xml:24:9-44
72
73    <uses-permission android:name="io.github.sds100.keymapper.debug.DYNAMIC_RECEIVER_NOT_EXPORTED_PERMISSION" />
73-->[androidx.core:core:1.16.0] AndroidManifest.xml:26:5-97
73-->[androidx.core:core:1.16.0] AndroidManifest.xml:26:22-94
74    <uses-permission android:name="moe.shizuku.manager.permission.API_V23" />
74-->[dev.rikka.shizuku:provider:13.1.5] AndroidManifest.xml:8:5-78
74-->[dev.rikka.shizuku:provider:13.1.5] AndroidManifest.xml:8:22-75
75
76    <application
76-->src/main/AndroidManifest.xml:18:5-69:19
77        android:name="io.github.sds100.keymapper.KeyMapperApp"
77-->src/main/AndroidManifest.xml:19:9-63
78        android:allowBackup="true"
78-->src/main/AndroidManifest.xml:20:9-35
79        android:appComponentFactory="androidx.core.app.CoreComponentFactory"
79-->[androidx.core:core:1.16.0] AndroidManifest.xml:28:18-86
80        android:debuggable="true"
81        android:extractNativeLibs="true"
81-->src/main/AndroidManifest.xml:27:9-41
82        android:icon="@mipmap/ic_launcher"
82-->src/main/AndroidManifest.xml:21:9-43
83        android:label="@string/app_name"
83-->src/main/AndroidManifest.xml:22:9-41
84        android:roundIcon="@mipmap/ic_launcher_round"
84-->src/main/AndroidManifest.xml:23:9-54
85        android:supportsRtl="true"
85-->src/main/AndroidManifest.xml:24:9-35
86        android:theme="@style/AppTheme.NoActionBar"
86-->src/main/AndroidManifest.xml:25:9-52
87        android:usesCleartextTraffic="true" >
87-->src/main/AndroidManifest.xml:26:9-44
88
89        <!-- Allow clear text traffic due to the HTTP Request Action. -->
90
91        <activity
91-->src/main/AndroidManifest.xml:31:9-52:20
92            android:name="io.github.sds100.keymapper.MainActivity"
92-->src/main/AndroidManifest.xml:32:13-41
93            android:exported="true"
93-->src/main/AndroidManifest.xml:33:13-36
94            android:theme="@style/Theme.App.Starting"
94-->src/main/AndroidManifest.xml:34:13-54
95            android:windowSoftInputMode="adjustResize" >
95-->src/main/AndroidManifest.xml:35:13-55
96
97            <!--
98               IMPORTANT! windowSoftInputMode is needed for IME padding to work
99               properly in the ChooseActionScreen search bar for example.
100            -->
101            <intent-filter>
101-->src/main/AndroidManifest.xml:38:13-44:29
102                <action android:name="android.intent.action.MAIN" />
102-->src/main/AndroidManifest.xml:39:17-69
102-->src/main/AndroidManifest.xml:39:25-66
103
104                <category android:name="android.intent.category.LAUNCHER" />
104-->src/main/AndroidManifest.xml:41:17-77
104-->src/main/AndroidManifest.xml:41:27-74
105                <!-- Set as default so the Assistant Trigger app isn't opened by default. -->
106                <category android:name="android.intent.category.DEFAULT" />
106-->src/main/AndroidManifest.xml:43:17-76
106-->src/main/AndroidManifest.xml:43:27-73
107            </intent-filter>
108            <intent-filter>
108-->src/main/AndroidManifest.xml:45:13-51:29
109                <action android:name="android.intent.action.MAIN" />
109-->src/main/AndroidManifest.xml:39:17-69
109-->src/main/AndroidManifest.xml:39:25-66
110
111                <category android:name="android.intent.category.LEANBACK_LAUNCHER" />
111-->src/main/AndroidManifest.xml:48:17-86
111-->src/main/AndroidManifest.xml:48:27-83
112                <!-- Set as default so the Assistant Trigger app isn't opened by default. -->
113                <category android:name="android.intent.category.DEFAULT" />
113-->src/main/AndroidManifest.xml:43:17-76
113-->src/main/AndroidManifest.xml:43:27-73
114            </intent-filter>
115        </activity>
116
117        <service
117-->src/main/AndroidManifest.xml:54:9-67:19
118            android:name="io.github.sds100.keymapper.system.accessibility.MyAccessibilityService"
118-->src/main/AndroidManifest.xml:55:13-72
119            android:configChanges="orientation|screenSize"
119-->src/main/AndroidManifest.xml:56:13-59
120            android:directBootAware="false"
120-->src/main/AndroidManifest.xml:57:13-44
121            android:exported="true"
121-->src/main/AndroidManifest.xml:58:13-36
122            android:permission="android.permission.BIND_ACCESSIBILITY_SERVICE" >
122-->src/main/AndroidManifest.xml:59:13-79
123            <intent-filter>
123-->src/main/AndroidManifest.xml:60:13-62:29
124                <action android:name="android.accessibilityservice.AccessibilityService" />
124-->src/main/AndroidManifest.xml:61:17-92
124-->src/main/AndroidManifest.xml:61:25-89
125            </intent-filter>
126
127            <meta-data
127-->src/main/AndroidManifest.xml:64:13-66:72
128                android:name="android.accessibilityservice"
128-->src/main/AndroidManifest.xml:65:17-60
129                android:resource="@xml/config_accessibility_service" />
129-->src/main/AndroidManifest.xml:66:17-69
130        </service>
131
132        <!-- Use a different task affinity so this activity doesn't close other activities -->
133        <activity
133-->[:api] AndroidManifest.xml:11:9-22:20
134            android:name="io.github.sds100.keymapper.api.LaunchKeyMapShortcutActivity"
134-->[:api] AndroidManifest.xml:12:13-87
135            android:excludeFromRecents="true"
135-->[:api] AndroidManifest.xml:13:13-46
136            android:exported="true"
136-->[:api] AndroidManifest.xml:14:13-36
137            android:finishOnTaskLaunch="true"
137-->[:api] AndroidManifest.xml:15:13-46
138            android:launchMode="singleInstance"
138-->[:api] AndroidManifest.xml:16:13-48
139            android:taskAffinity=""
139-->[:api] AndroidManifest.xml:17:13-36
140            android:theme="@android:style/Theme.NoDisplay" >
140-->[:api] AndroidManifest.xml:18:13-59
141            <intent-filter>
141-->[:api] AndroidManifest.xml:19:13-21:29
142                <action android:name="android.intent.action.MAIN" />
142-->src/main/AndroidManifest.xml:39:17-69
142-->src/main/AndroidManifest.xml:39:25-66
143            </intent-filter>
144        </activity>
145
146        <receiver
146-->[:api] AndroidManifest.xml:24:9-32:20
147            android:name="io.github.sds100.keymapper.api.PauseMappingsBroadcastReceiver"
147-->[:api] AndroidManifest.xml:25:13-89
148            android:exported="true" >
148-->[:api] AndroidManifest.xml:26:13-36
149            <intent-filter>
149-->[:api] AndroidManifest.xml:27:13-31:29
150                <action android:name="io.github.sds100.keymapper.ACTION_PAUSE_MAPPINGS" />
150-->[:api] AndroidManifest.xml:28:17-91
150-->[:api] AndroidManifest.xml:28:25-88
151                <action android:name="io.github.sds100.keymapper.ACTION_RESUME_MAPPINGS" />
151-->[:api] AndroidManifest.xml:29:17-92
151-->[:api] AndroidManifest.xml:29:25-89
152                <action android:name="io.github.sds100.keymapper.ACTION_TOGGLE_MAPPINGS" />
152-->[:api] AndroidManifest.xml:30:17-92
152-->[:api] AndroidManifest.xml:30:25-89
153            </intent-filter>
154        </receiver>
155        <receiver
155-->[:api] AndroidManifest.xml:33:9-39:20
156            android:name="io.github.sds100.keymapper.api.TriggerKeyMapsBroadcastReceiver"
156-->[:api] AndroidManifest.xml:34:13-90
157            android:exported="true" >
157-->[:api] AndroidManifest.xml:35:13-36
158            <intent-filter>
158-->[:api] AndroidManifest.xml:36:13-38:29
159                <action android:name="io.github.sds100.keymapper.ACTION_TRIGGER_KEYMAP_BY_UID" />
159-->[:api] AndroidManifest.xml:37:17-98
159-->[:api] AndroidManifest.xml:37:25-95
160            </intent-filter>
161        </receiver>
162        <receiver
162-->[:api] AndroidManifest.xml:40:9-48:20
163            android:name="io.github.sds100.keymapper.api.EnableKeyMapsBroadcastReceiver"
163-->[:api] AndroidManifest.xml:41:13-89
164            android:exported="true" >
164-->[:api] AndroidManifest.xml:42:13-36
165            <intent-filter>
165-->[:api] AndroidManifest.xml:43:13-47:29
166                <action android:name="io.github.sds100.keymapper.ACTION_ENABLE_KEY_MAP" />
166-->[:api] AndroidManifest.xml:44:17-91
166-->[:api] AndroidManifest.xml:44:25-88
167                <action android:name="io.github.sds100.keymapper.ACTION_DISABLE_KEY_MAP" />
167-->[:api] AndroidManifest.xml:45:17-92
167-->[:api] AndroidManifest.xml:45:25-89
168                <action android:name="io.github.sds100.keymapper.ACTION_TOGGLE_KEY_MAP" />
168-->[:api] AndroidManifest.xml:46:17-91
168-->[:api] AndroidManifest.xml:46:25-88
169            </intent-filter>
170        </receiver>
171        <!--
172         Don't require a permission because we want other apps to bind
173         to this service. The permission wouldn't be signature-level so
174         if a nefarious app wants to talk to Key Mapper they could add the permission anyway.
175        -->
176        <service
176-->[:api] AndroidManifest.xml:55:9-58:46
177            android:name="io.github.sds100.keymapper.api.KeyEventRelayService"
177-->[:api] AndroidManifest.xml:56:13-79
178            android:exported="true" /> <!-- Use a different task affinity so this activity can be opened at the same time as others -->
178-->[:api] AndroidManifest.xml:57:13-36
179        <activity
179-->[:base] AndroidManifest.xml:48:9-56:20
180            android:name="io.github.sds100.keymapper.base.shortcuts.CreateKeyMapShortcutActivity"
180-->[:base] AndroidManifest.xml:49:13-98
181            android:exported="true"
181-->[:base] AndroidManifest.xml:50:13-36
182            android:label="@string/shortcut_label_action"
182-->[:base] AndroidManifest.xml:51:13-58
183            android:taskAffinity="" >
183-->[:base] AndroidManifest.xml:52:13-36
184            <intent-filter>
184-->[:base] AndroidManifest.xml:53:13-55:29
185                <action android:name="android.intent.action.CREATE_SHORTCUT" />
185-->[:base] AndroidManifest.xml:54:17-80
185-->[:base] AndroidManifest.xml:54:25-77
186            </intent-filter>
187        </activity>
188        <activity
188-->[:base] AndroidManifest.xml:57:9-78:20
189            android:name="io.github.sds100.keymapper.base.backup.RestoreKeyMapsActivity"
189-->[:base] AndroidManifest.xml:58:13-89
190            android:excludeFromRecents="true"
190-->[:base] AndroidManifest.xml:59:13-46
191            android:exported="true"
191-->[:base] AndroidManifest.xml:60:13-36
192            android:launchMode="singleInstance"
192-->[:base] AndroidManifest.xml:61:13-48
193            android:taskAffinity="io.github.sds100.keymapper.base.Restore_key_maps"
193-->[:base] AndroidManifest.xml:62:13-84
194            android:theme="@style/AppTheme.DialogActivity"
194-->[:base] AndroidManifest.xml:63:13-59
195            android:windowSoftInputMode="adjustResize" >
195-->[:base] AndroidManifest.xml:64:13-55
196            <intent-filter>
196-->[:base] AndroidManifest.xml:65:13-77:29
197                <action android:name="android.intent.action.VIEW" />
197-->[:base] AndroidManifest.xml:66:17-69
197-->[:base] AndroidManifest.xml:66:25-66
198
199                <category android:name="android.intent.category.DEFAULT" />
199-->src/main/AndroidManifest.xml:43:17-76
199-->src/main/AndroidManifest.xml:43:27-73
200                <category android:name="android.intent.category.BROWSABLE" />
200-->[:base] AndroidManifest.xml:69:17-78
200-->[:base] AndroidManifest.xml:69:27-75
201
202                <data
202-->[:base] AndroidManifest.xml:71:17-73:48
203                    android:mimeType="application/zip"
203-->[:base] AndroidManifest.xml:72:21-55
204                    android:scheme="content" />
204-->[:base] AndroidManifest.xml:73:21-45
205                <data
205-->[:base] AndroidManifest.xml:71:17-73:48
206                    android:mimeType="application/json"
206-->[:base] AndroidManifest.xml:72:21-55
207                    android:scheme="content" />
207-->[:base] AndroidManifest.xml:73:21-45
208            </intent-filter>
209        </activity>
210
211        <service
211-->[:base] AndroidManifest.xml:80:9-90:19
212            android:name="io.github.sds100.keymapper.tiles.ToggleMappingsTile"
212-->[:base] AndroidManifest.xml:81:13-79
213            android:exported="true"
213-->[:base] AndroidManifest.xml:82:13-36
214            android:icon="@drawable/ic_tile_pause"
214-->[:base] AndroidManifest.xml:83:13-51
215            android:label="@string/tile_pause_title"
215-->[:base] AndroidManifest.xml:84:13-53
216            android:permission="android.permission.BIND_QUICK_SETTINGS_TILE" >
216-->[:base] AndroidManifest.xml:85:13-77
217            <intent-filter>
217-->[:base] AndroidManifest.xml:87:13-89:29
218                <action android:name="android.service.quicksettings.action.QS_TILE" />
218-->[:base] AndroidManifest.xml:88:17-87
218-->[:base] AndroidManifest.xml:88:25-84
219            </intent-filter>
220        </service>
221        <service
221-->[:base] AndroidManifest.xml:91:9-101:19
222            android:name="io.github.sds100.keymapper.tiles.ToggleKeyMapperKeyboardTile"
222-->[:base] AndroidManifest.xml:92:13-88
223            android:exported="true"
223-->[:base] AndroidManifest.xml:93:13-36
224            android:icon="@drawable/ic_tile_keyboard"
224-->[:base] AndroidManifest.xml:94:13-54
225            android:label="@string/tile_toggle_keymapper_keyboard"
225-->[:base] AndroidManifest.xml:95:13-67
226            android:permission="android.permission.BIND_QUICK_SETTINGS_TILE" >
226-->[:base] AndroidManifest.xml:96:13-77
227            <intent-filter>
227-->[:base] AndroidManifest.xml:87:13-89:29
228                <action android:name="android.service.quicksettings.action.QS_TILE" />
228-->[:base] AndroidManifest.xml:88:17-87
228-->[:base] AndroidManifest.xml:88:25-84
229            </intent-filter>
230        </service>
231
232        <provider
232-->[:base] AndroidManifest.xml:103:9-111:20
233            android:name="androidx.core.content.FileProvider"
233-->[:base] AndroidManifest.xml:104:13-62
234            android:authorities="io.github.sds100.keymapper.debug.provider"
234-->[:base] AndroidManifest.xml:105:13-60
235            android:exported="false"
235-->[:base] AndroidManifest.xml:106:13-37
236            android:grantUriPermissions="true" >
236-->[:base] AndroidManifest.xml:107:13-47
237            <meta-data
237-->[:base] AndroidManifest.xml:108:13-110:58
238                android:name="android.support.FILE_PROVIDER_PATHS"
238-->[:base] AndroidManifest.xml:109:17-67
239                android:resource="@xml/provider_paths" />
239-->[:base] AndroidManifest.xml:110:17-55
240        </provider>
241
242        <receiver
242-->[:base] AndroidManifest.xml:113:9-121:20
243            android:name="io.github.sds100.keymapper.base.BootBroadcastReceiver"
243-->[:base] AndroidManifest.xml:114:13-81
244            android:directBootAware="true"
244-->[:base] AndroidManifest.xml:115:13-43
245            android:exported="false" >
245-->[:base] AndroidManifest.xml:116:13-37
246            <intent-filter>
246-->[:base] AndroidManifest.xml:117:13-120:29
247                <action android:name="android.intent.action.LOCKED_BOOT_COMPLETED" />
247-->[:base] AndroidManifest.xml:118:17-86
247-->[:base] AndroidManifest.xml:118:25-83
248                <action android:name="android.intent.action.BOOT_COMPLETED" />
248-->[:base] AndroidManifest.xml:119:17-79
248-->[:base] AndroidManifest.xml:119:25-76
249            </intent-filter>
250        </receiver>
251        <receiver
251-->[:system] AndroidManifest.xml:43:9-50:20
252            android:name="io.github.sds100.keymapper.system.bluetooth.BluetoothBroadcastReceiver"
252-->[:system] AndroidManifest.xml:44:13-98
253            android:exported="true" >
253-->[:system] AndroidManifest.xml:45:13-36
254            <intent-filter>
254-->[:system] AndroidManifest.xml:46:13-49:29
255                <action android:name="android.bluetooth.device.action.ACL_CONNECTED" />
255-->[:system] AndroidManifest.xml:47:17-88
255-->[:system] AndroidManifest.xml:47:25-85
256                <action android:name="android.bluetooth.device.action.ACL_DISCONNECTED" />
256-->[:system] AndroidManifest.xml:48:17-91
256-->[:system] AndroidManifest.xml:48:25-88
257            </intent-filter>
258        </receiver>
259        <receiver
259-->[:system] AndroidManifest.xml:51:9-62:20
260            android:name="io.github.sds100.keymapper.system.DeviceAdmin"
260-->[:system] AndroidManifest.xml:52:13-73
261            android:exported="true"
261-->[:system] AndroidManifest.xml:53:13-36
262            android:permission="android.permission.BIND_DEVICE_ADMIN" >
262-->[:system] AndroidManifest.xml:54:13-70
263            <meta-data
263-->[:system] AndroidManifest.xml:55:13-57:56
264                android:name="android.app.device_admin"
264-->[:system] AndroidManifest.xml:56:17-56
265                android:resource="@xml/device_admin" />
265-->[:system] AndroidManifest.xml:57:17-53
266
267            <intent-filter>
267-->[:system] AndroidManifest.xml:59:13-61:29
268                <action android:name="android.app.action.DEVICE_ADMIN_ENABLED" />
268-->[:system] AndroidManifest.xml:60:17-82
268-->[:system] AndroidManifest.xml:60:25-79
269            </intent-filter>
270        </receiver> <!-- IMPORTANT! Must be direct boot aware so it can automatically choose a proper keyboard when the user wants to unlock their phone. -->
271        <service
271-->[:system] AndroidManifest.xml:65:9-78:19
272            android:name="io.github.sds100.keymapper.system.inputmethod.KeyMapperImeService"
272-->[:system] AndroidManifest.xml:66:13-93
273            android:directBootAware="true"
273-->[:system] AndroidManifest.xml:67:13-43
274            android:exported="true"
274-->[:system] AndroidManifest.xml:68:13-36
275            android:label="@string/ime_service_label"
275-->[:system] AndroidManifest.xml:69:13-54
276            android:permission="android.permission.BIND_INPUT_METHOD" >
276-->[:system] AndroidManifest.xml:70:13-70
277            <intent-filter>
277-->[:system] AndroidManifest.xml:71:13-73:29
278                <action android:name="android.view.InputMethod" />
278-->[:system] AndroidManifest.xml:72:17-67
278-->[:system] AndroidManifest.xml:72:25-64
279            </intent-filter>
280
281            <meta-data
281-->[:system] AndroidManifest.xml:75:13-77:56
282                android:name="android.view.im"
282-->[:system] AndroidManifest.xml:76:17-47
283                android:resource="@xml/input_method" />
283-->[:system] AndroidManifest.xml:77:17-53
284        </service>
285
286        <provider
286-->[:system] AndroidManifest.xml:80:9-86:82
287            android:name="rikka.shizuku.ShizukuProvider"
287-->[:system] AndroidManifest.xml:81:13-57
288            android:authorities="io.github.sds100.keymapper.debug.shizuku"
288-->[:system] AndroidManifest.xml:82:13-59
289            android:enabled="true"
289-->[:system] AndroidManifest.xml:83:13-35
290            android:exported="true"
290-->[:system] AndroidManifest.xml:84:13-36
291            android:multiprocess="false"
291-->[:system] AndroidManifest.xml:85:13-41
292            android:permission="android.permission.INTERACT_ACROSS_USERS_FULL" />
292-->[:system] AndroidManifest.xml:86:13-79
293
294        <service
294-->[:system] AndroidManifest.xml:88:9-96:19
295            android:name="io.github.sds100.keymapper.system.notifications.NotificationReceiver"
295-->[:system] AndroidManifest.xml:89:13-96
296            android:exported="true"
296-->[:system] AndroidManifest.xml:90:13-36
297            android:label="Key Mapper Notification Receiver"
297-->[:system] AndroidManifest.xml:91:13-61
298            android:permission="android.permission.BIND_NOTIFICATION_LISTENER_SERVICE" >
298-->[:system] AndroidManifest.xml:92:13-87
299            <intent-filter>
299-->[:system] AndroidManifest.xml:93:13-95:29
300                <action android:name="android.service.notification.NotificationListenerService" />
300-->[:system] AndroidManifest.xml:94:17-99
300-->[:system] AndroidManifest.xml:94:25-96
301            </intent-filter>
302        </service>
303        <service
303-->[:system] AndroidManifest.xml:97:9-99:72
304            android:name="io.github.sds100.keymapper.system.accessibility.ObserveEnabledAccessibilityServicesJob"
304-->[:system] AndroidManifest.xml:98:13-114
305            android:permission="android.permission.BIND_JOB_SERVICE" />
305-->[:system] AndroidManifest.xml:99:13-69
306        <service
306-->[:system] AndroidManifest.xml:100:9-102:72
307            android:name="io.github.sds100.keymapper.system.inputmethod.ObserveInputMethodsJob"
307-->[:system] AndroidManifest.xml:101:13-96
308            android:permission="android.permission.BIND_JOB_SERVICE" />
308-->[:system] AndroidManifest.xml:102:13-69
309        <service
309-->[:system] AndroidManifest.xml:103:9-105:72
310            android:name="io.github.sds100.keymapper.system.notifications.ObserveNotificationListenersJob"
310-->[:system] AndroidManifest.xml:104:13-107
311            android:permission="android.permission.BIND_JOB_SERVICE" />
311-->[:system] AndroidManifest.xml:105:13-69
312
313        <activity
313-->[:system] AndroidManifest.xml:107:9-113:62
314            android:name="io.github.sds100.keymapper.system.apps.TrampolineActivity"
314-->[:system] AndroidManifest.xml:108:13-85
315            android:excludeFromRecents="true"
315-->[:system] AndroidManifest.xml:109:13-46
316            android:exported="false"
316-->[:system] AndroidManifest.xml:110:13-37
317            android:finishOnTaskLaunch="true"
317-->[:system] AndroidManifest.xml:111:13-46
318            android:launchMode="singleInstance"
318-->[:system] AndroidManifest.xml:112:13-48
319            android:theme="@android:style/Theme.NoDisplay" />
319-->[:system] AndroidManifest.xml:113:13-59
320        <!--
321             The provider requires the INTERACT_ACROSS_USERS_FULL permission as a crude way
322                to ensure only the system bridge can write to it. This permission is only granted
323                to system apps, such as the Shell package, so 3rd party apps can never connect..
324        -->
325        <provider
325-->[:sysbridge] AndroidManifest.xml:19:9-25:82
326            android:name="io.github.sds100.keymapper.sysbridge.provider.SystemBridgeBinderProvider"
326-->[:sysbridge] AndroidManifest.xml:20:13-100
327            android:authorities="io.github.sds100.keymapper.debug.sysbridge"
327-->[:sysbridge] AndroidManifest.xml:21:13-61
328            android:enabled="true"
328-->[:sysbridge] AndroidManifest.xml:22:13-35